<?xml version="1.0" encoding="utf-8"?><testsuites name="pytest tests"><testsuite name="pytest" errors="0" failures="0" skipped="2" tests="43" time="8.252" timestamp="2026-03-24T13:05:19.712119+00:00" hostname="agent-env-054e681c-d21d-4307-8718-491d1931313a"><testcase classname="tests.test_iteration74_p2_features.TestO22AutomationCRUD" name="test_list_rules_empty_or_existing" time="0.571" /><testcase classname="tests.test_iteration74_p2_features.TestO22AutomationCRUD" name="test_create_rule_success" time="0.585" /><testcase classname="tests.test_iteration74_p2_features.TestO22AutomationCRUD" name="test_get_rule_by_id" time="0.834" /><testcase classname="tests.test_iteration74_p2_features.TestO22AutomationCRUD" name="test_update_rule" time="0.768" /><testcase classname="tests.test_iteration74_p2_features.TestO22AutomationCRUD" name="test_delete_rule" time="0.740" /><testcase classname="tests.test_iteration74_p2_features.TestO22AutomationCRUD" name="test_get_rule_not_found" time="0.532" /><testcase classname="tests.test_iteration74_p2_features.TestO22AutomationTriggersActions" name="test_get_triggers_list" time="0.464" /><testcase classname="tests.test_iteration74_p2_features.TestO22AutomationTriggersActions" name="test_get_actions_list" time="0.496" /><testcase classname="tests.test_iteration74_p2_features.TestO22AutomationValidation" name="test_invalid_trigger_returns_400" time="0.499" /><testcase classname="tests.test_iteration74_p2_features.TestO22AutomationValidation" name="test_invalid_action_returns_400" time="0.485" /><testcase classname="tests.test_iteration74_p2_features.TestO22AutomationValidation" name="test_update_with_invalid_trigger_returns_400" time="0.148"><skipped type="pytest.skip" message="Could not authenticate as admin">/app/backend/tests/test_iteration74_p2_features.py:289: Could not authenticate as admin</skipped></testcase><testcase classname="tests.test_iteration74_p2_features.TestO22AutomationAuth" name="test_rules_endpoint_requires_auth" time="0.115" /><testcase classname="tests.test_iteration74_p2_features.TestO22AutomationAuth" name="test_triggers_endpoint_requires_auth" time="0.107" /><testcase classname="tests.test_iteration74_p2_features.TestO22AutomationAuth" name="test_actions_endpoint_requires_auth" time="0.112" /><testcase classname="tests.test_iteration74_p2_features.TestO22AutomationAuth" name="test_ceo_can_access_automation" time="0.124"><skipped type="pytest.skip" message="Could not authenticate as CEO">/app/backend/tests/test_iteration74_p2_features.py:336: Could not authenticate as CEO</skipped></testcase><testcase classname="tests.test_iteration74_p2_features.TestO22WorkflowEngineCode" name="test_workflow_engine_file_exists" time="0.000" /><testcase classname="tests.test_iteration74_p2_features.TestO22WorkflowEngineCode" name="test_workflow_engine_valid_triggers" time="0.000" /><testcase classname="tests.test_iteration74_p2_features.TestO22WorkflowEngineCode" name="test_workflow_engine_valid_actions" time="0.000" /><testcase classname="tests.test_iteration74_p2_features.TestO22WorkflowEngineCode" name="test_workflow_engine_crud_functions" time="0.000" /><testcase classname="tests.test_iteration74_p2_features.TestO22WorkflowEngineCode" name="test_automation_routes_file_exists" time="0.000" /><testcase classname="tests.test_iteration74_p2_features.TestO22WorkflowEngineCode" name="test_automation_router_registered" time="0.000" /><testcase classname="tests.test_iteration74_p2_features.TestO11WebSocketPollingFallback" name="test_usewebsocket_file_exists" time="0.000" /><testcase classname="tests.test_iteration74_p2_features.TestO11WebSocketPollingFallback" name="test_polling_fallback_constants" time="0.000" /><testcase classname="tests.test_iteration74_p2_features.TestO11WebSocketPollingFallback" name="test_polling_fallback_function" time="0.000" /><testcase classname="tests.test_iteration74_p2_features.TestO11WebSocketPollingFallback" name="test_polling_fallback_logic" time="0.000" /><testcase classname="tests.test_iteration74_p2_features.TestO11WebSocketPollingFallback" name="test_polling_uses_notifications_api" time="0.000" /><testcase classname="tests.test_iteration74_p2_features.TestO11WebSocketPollingFallback" name="test_ispolling_exposed" time="0.000" /><testcase classname="tests.test_iteration74_p2_features.TestO19AxeCore" name="test_axe_core_in_package_json" time="0.000" /><testcase classname="tests.test_iteration74_p2_features.TestO19AxeCore" name="test_axe_core_configured_in_main_jsx" time="0.000" /><testcase classname="tests.test_iteration74_p2_features.TestO19AxeCore" name="test_axe_core_dev_only" time="0.000" /><testcase classname="tests.test_iteration74_p2_features.TestO19AxeCore" name="test_axe_core_dynamic_import" time="0.000" /><testcase classname="tests.test_iteration74_p2_features.TestO5EncryptionService" name="test_encryption_service_file_exists" time="0.000" /><testcase classname="tests.test_iteration74_p2_features.TestO5EncryptionService" name="test_encryption_service_uses_fernet" time="0.000" /><testcase classname="tests.test_iteration74_p2_features.TestO5EncryptionService" name="test_encryption_service_class" time="0.000" /><testcase classname="tests.test_iteration74_p2_features.TestO5EncryptionService" name="test_encryption_sensitive_fields_defined" time="0.000" /><testcase classname="tests.test_iteration74_p2_features.TestO5EncryptionService" name="test_encryption_process_functions" time="0.000" /><testcase classname="tests.test_iteration74_p2_features.TestO5EncryptionService" name="test_encryption_prefix" time="0.000" /><testcase classname="tests.test_iteration74_p2_features.TestO5EncryptionService" name="test_encryption_graceful_degradation" time="0.001" /><testcase classname="tests.test_iteration74_p2_features.TestO22AutomationPageCode" name="test_automation_page_file_exists" time="0.000" /><testcase classname="tests.test_iteration74_p2_features.TestO22AutomationPageCode" name="test_automation_page_data_testid" time="0.000" /><testcase classname="tests.test_iteration74_p2_features.TestO22AutomationPageCode" name="test_automation_page_api_calls" time="0.000" /><testcase classname="tests.test_iteration74_p2_features.TestO22AutomationPageCode" name="test_automation_page_crud_operations" time="0.000" /><testcase classname="tests.test_iteration74_p2_features.TestO22AutomationPageCode" name="test_automation_page_empty_state" time="0.000" /></testsuite></testsuites>