<?xml version="1.0" encoding="utf-8"?><testsuites name="pytest tests"><testsuite name="pytest" errors="0" failures="0" skipped="0" tests="21" time="4.503" timestamp="2026-03-24T14:12:15.968623+00:00" hostname="agent-env-054e681c-d21d-4307-8718-491d1931313a"><testcase classname="tests.test_iteration9_templates.TestFormTemplates" name="test_list_templates_returns_system_templates" time="0.600" /><testcase classname="tests.test_iteration9_templates.TestFormTemplates" name="test_list_templates_system_have_correct_field_counts" time="0.075" /><testcase classname="tests.test_iteration9_templates.TestFormTemplates" name="test_list_templates_system_have_descriptions" time="0.079" /><testcase classname="tests.test_iteration9_templates.TestFormTemplates" name="test_list_templates_includes_custom_templates" time="0.065" /><testcase classname="tests.test_iteration9_templates.TestFormTemplates" name="test_list_templates_requires_auth" time="0.140" /><testcase classname="tests.test_iteration9_templates.TestFormTemplates" name="test_save_as_template_success" time="0.125" /><testcase classname="tests.test_iteration9_templates.TestFormTemplates" name="test_save_as_template_requires_name" time="0.066" /><testcase classname="tests.test_iteration9_templates.TestFormTemplates" name="test_save_as_template_with_whitespace_name" time="0.056" /><testcase classname="tests.test_iteration9_templates.TestFormTemplates" name="test_activate_system_template_credito_habitacao" time="0.069" /><testcase classname="tests.test_iteration9_templates.TestFormTemplates" name="test_activate_system_template_refinanciamento" time="0.118" /><testcase classname="tests.test_iteration9_templates.TestFormTemplates" name="test_activate_system_template_credito_pessoal" time="0.061" /><testcase classname="tests.test_iteration9_templates.TestFormTemplates" name="test_activate_custom_template" time="0.121" /><testcase classname="tests.test_iteration9_templates.TestFormTemplates" name="test_activate_nonexistent_template" time="0.057" /><testcase classname="tests.test_iteration9_templates.TestFormTemplates" name="test_duplicate_system_template" time="0.060" /><testcase classname="tests.test_iteration9_templates.TestFormTemplates" name="test_duplicate_custom_template" time="0.133" /><testcase classname="tests.test_iteration9_templates.TestFormTemplates" name="test_duplicate_nonexistent_template" time="0.070" /><testcase classname="tests.test_iteration9_templates.TestFormTemplates" name="test_delete_custom_template" time="0.177" /><testcase classname="tests.test_iteration9_templates.TestFormTemplates" name="test_delete_system_template_returns_400" time="0.117" /><testcase classname="tests.test_iteration9_templates.TestFormTemplates" name="test_delete_nonexistent_template" time="0.058" /><testcase classname="tests.test_iteration9_templates.TestFormTemplates" name="test_full_template_workflow" time="0.358" /><testcase classname="tests.test_iteration9_templates.TestFormTemplates" name="test_activate_refinanciamento_changes_step3_fields" time="0.285" /></testsuite></testsuites>