<?xml version="1.0" encoding="utf-8"?><testsuites name="pytest tests"><testsuite name="pytest" errors="0" failures="0" skipped="0" tests="20" time="1.379" timestamp="2026-03-24T12:09:22.190063+00:00" hostname="agent-env-2afd5af7-c682-4cec-89f6-d9989e27e30f"><testcase classname="tests.test_iteration72_features.TestHealthAndBasics" name="test_health_endpoint" time="0.190" /><testcase classname="tests.test_iteration72_features.TestCursorPagination" name="test_registered_clients_endpoint_exists" time="0.120" /><testcase classname="tests.test_iteration72_features.TestCursorPagination" name="test_cursor_params_accepted" time="0.116" /><testcase classname="tests.test_iteration72_features.TestCursorPagination" name="test_backwards_compatibility_skip_limit" time="0.123" /><testcase classname="tests.test_iteration72_features.TestStaleProcessesEndpoint" name="test_stale_processes_endpoint_exists" time="0.183" /><testcase classname="tests.test_iteration72_features.TestStaleProcessesEndpoint" name="test_stale_processes_with_days_param" time="0.159" /><testcase classname="tests.test_iteration72_features.TestDocumentEndpoints" name="test_document_upload_endpoint_exists" time="0.128" /><testcase classname="tests.test_iteration72_features.TestDocumentEndpoints" name="test_document_delete_endpoint_exists" time="0.116" /><testcase classname="tests.test_iteration72_features.TestDocumentEndpoints" name="test_ai_analyze_endpoint_exists" time="0.104" /><testcase classname="tests.test_iteration72_features.TestCodeVerification" name="test_rate_limit_decorator_on_upload" time="0.001" /><testcase classname="tests.test_iteration72_features.TestCodeVerification" name="test_rate_limit_decorator_on_delete" time="0.001" /><testcase classname="tests.test_iteration72_features.TestCodeVerification" name="test_rate_limit_decorator_on_ai_analyze" time="0.001" /><testcase classname="tests.test_iteration72_features.TestCodeVerification" name="test_cursor_pagination_params_in_clients" time="0.000" /><testcase classname="tests.test_iteration72_features.TestCodeVerification" name="test_cursor_response_fields_in_clients" time="0.000" /><testcase classname="tests.test_iteration72_features.TestCodeVerification" name="test_duplicate_or_fix_in_clients" time="0.000" /><testcase classname="tests.test_iteration72_features.TestFrontendComponents" name="test_unified_audit_trail_component_exists" time="0.000" /><testcase classname="tests.test_iteration72_features.TestFrontendComponents" name="test_unified_audit_trail_imported_in_process_details" time="0.001" /><testcase classname="tests.test_iteration72_features.TestFrontendComponents" name="test_skeleton_loaders_use_animate_pulse" time="0.001" /><testcase classname="tests.test_iteration72_features.TestFrontendComponents" name="test_stale_processes_alert_in_admin_dashboard" time="0.000" /><testcase classname="tests.test_iteration72_features.TestLimiterImport" name="test_limiter_imported_in_documents" time="0.001" /></testsuite></testsuites>