<?xml version="1.0" encoding="utf-8"?><testsuites name="pytest tests"><testsuite name="pytest" errors="0" failures="0" skipped="0" tests="4" time="0.635" timestamp="2026-03-24T11:35:59.195720+00:00" hostname="agent-env-2afd5af7-c682-4cec-89f6-d9989e27e30f"><testcase classname="tests.test_iteration70_features.TestPublicFormEmploymentType" name="test_public_health_endpoint" time="0.254" /><testcase classname="tests.test_iteration70_features.TestPublicFormEmploymentType" name="test_public_registration_with_employment_type" time="0.111" /><testcase classname="tests.test_iteration70_features.TestBackendHealth" name="test_main_health_endpoint" time="0.103" /><testcase classname="tests.test_iteration70_features.TestBackendHealth" name="test_root_health_endpoint" time="0.119" /></testsuite></testsuites>