<?xml version="1.0" encoding="utf-8"?><testsuites name="pytest tests"><testsuite name="pytest" errors="0" failures="0" skipped="0" tests="13" time="1.883" timestamp="2026-03-24T14:24:12.869692+00:00" hostname="agent-env-054e681c-d21d-4307-8718-491d1931313a"><testcase classname="tests.test_iteration10_template_preview.TestTemplatePreview" name="test_preview_system_template_credito_habitacao" time="0.633" /><testcase classname="tests.test_iteration10_template_preview.TestTemplatePreview" name="test_preview_system_template_refinanciamento" time="0.058" /><testcase classname="tests.test_iteration10_template_preview.TestTemplatePreview" name="test_preview_system_template_credito_pessoal" time="0.054" /><testcase classname="tests.test_iteration10_template_preview.TestTemplatePreview" name="test_preview_custom_template" time="0.124" /><testcase classname="tests.test_iteration10_template_preview.TestTemplatePreview" name="test_preview_invalid_template_returns_404" time="0.062" /><testcase classname="tests.test_iteration10_template_preview.TestTemplatePreview" name="test_preview_nonexistent_system_template_returns_404" time="0.072" /><testcase classname="tests.test_iteration10_template_preview.TestTemplatePreview" name="test_preview_requires_auth" time="0.140" /><testcase classname="tests.test_iteration10_template_preview.TestTemplatePreview" name="test_preview_fields_have_required_properties" time="0.066" /><testcase classname="tests.test_iteration10_template_preview.TestTemplatePreview" name="test_preview_fields_grouped_by_step" time="0.066" /><testcase classname="tests.test_iteration10_template_preview.TestTemplatePreview" name="test_preview_fields_have_correct_types" time="0.066" /><testcase classname="tests.test_iteration10_template_preview.TestTemplatePreview" name="test_preview_select_fields_have_options" time="0.066" /><testcase classname="tests.test_iteration10_template_preview.TestTemplatePreview" name="test_preview_does_not_activate_template" time="0.169" /><testcase classname="tests.test_iteration10_template_preview.TestTemplatePreviewCleanup" name="test_cleanup_test_templates" time="0.131" /></testsuite></testsuites>