<?xml version="1.0" encoding="utf-8"?><testsuites name="pytest tests"><testsuite name="pytest" errors="0" failures="0" skipped="0" tests="32" time="11.806" timestamp="2026-03-24T12:46:19.343188+00:00" hostname="agent-env-2afd5af7-c682-4cec-89f6-d9989e27e30f"><testcase classname="tests.test_iteration73_o2_o13_features.TestO2SentryConfiguration" name="test_sentry_dsn_configured_in_backend_env" time="0.001" /><testcase classname="tests.test_iteration73_o2_o13_features.TestO2SentryConfiguration" name="test_sentry_sdk_init_in_server" time="0.001" /><testcase classname="tests.test_iteration73_o2_o13_features.TestO2SentryConfiguration" name="test_sentry_config_in_config_py" time="0.000" /><testcase classname="tests.test_iteration73_o2_o13_features.TestO2SentryFrontend" name="test_sentry_dsn_configured_in_frontend_env" time="0.000" /><testcase classname="tests.test_iteration73_o2_o13_features.TestO2SentryFrontend" name="test_sentry_react_init_in_main_jsx" time="0.000" /><testcase classname="tests.test_iteration73_o2_o13_features.TestO13RedisCacheService" name="test_redis_cache_service_exists" time="0.000" /><testcase classname="tests.test_iteration73_o2_o13_features.TestO13RedisCacheService" name="test_redis_cache_functions_defined" time="0.000" /><testcase classname="tests.test_iteration73_o2_o13_features.TestO13RedisCacheService" name="test_redis_graceful_degradation" time="0.000" /><testcase classname="tests.test_iteration73_o2_o13_features.TestO13RedisCacheService" name="test_upstash_redis_configured" time="0.000" /><testcase classname="tests.test_iteration73_o2_o13_features.TestO13CacheOnStatsEndpoints" name="test_cache_on_stats_endpoint" time="0.000" /><testcase classname="tests.test_iteration73_o2_o13_features.TestO13CacheOnStatsEndpoints" name="test_cache_ttl_on_stats" time="0.000" /><testcase classname="tests.test_iteration73_o2_o13_features.TestO13CacheOnStatsEndpoints" name="test_cache_ttl_on_stats_leads" time="0.000" /><testcase classname="tests.test_iteration73_o2_o13_features.TestO13CacheOnStatsEndpoints" name="test_cache_ttl_on_stats_conversion" time="0.000" /><testcase classname="tests.test_iteration73_o2_o13_features.TestO13HealthEndpointRedis" name="test_health_endpoint_returns_redis_status" time="3.209" /><testcase classname="tests.test_iteration73_o2_o13_features.TestO13HealthEndpointRedis" name="test_health_endpoint_redis_graceful_error" time="3.185" /><testcase classname="tests.test_iteration73_o2_o13_features.TestO3RateLimitingDocuments" name="test_rate_limit_decorator_on_upload" time="0.001" /><testcase classname="tests.test_iteration73_o2_o13_features.TestO3RateLimitingDocuments" name="test_rate_limit_decorator_on_delete" time="0.001" /><testcase classname="tests.test_iteration73_o2_o13_features.TestO3RateLimitingDocuments" name="test_rate_limit_decorator_on_ai_analyze" time="0.001" /><testcase classname="tests.test_iteration73_o2_o13_features.TestO3RateLimitingDocuments" name="test_limiter_imported_from_middleware" time="0.001" /><testcase classname="tests.test_iteration73_o2_o13_features.TestO10CursorPagination" name="test_cursor_params_in_clients_registered" time="0.000" /><testcase classname="tests.test_iteration73_o2_o13_features.TestO10CursorPagination" name="test_cursor_response_fields" time="0.000" /><testcase classname="tests.test_iteration73_o2_o13_features.TestO10CursorPagination" name="test_cursor_pagination_logic" time="0.000" /><testcase classname="tests.test_iteration73_o2_o13_features.TestO10CursorPagination" name="test_backwards_compatibility_skip_limit" time="0.000" /><testcase classname="tests.test_iteration73_o2_o13_features.TestO24UnifiedAuditTrail" name="test_unified_audit_trail_component_exists" time="0.000" /><testcase classname="tests.test_iteration73_o2_o13_features.TestO24UnifiedAuditTrail" name="test_unified_audit_trail_data_testid" time="0.000" /><testcase classname="tests.test_iteration73_o2_o13_features.TestO24UnifiedAuditTrail" name="test_unified_audit_trail_filter_chips" time="0.000" /><testcase classname="tests.test_iteration73_o2_o13_features.TestO24UnifiedAuditTrail" name="test_unified_audit_trail_event_types_config" time="0.000" /><testcase classname="tests.test_iteration73_o2_o13_features.TestAPIEndpointsAccessible" name="test_health_endpoint" time="3.190" /><testcase classname="tests.test_iteration73_o2_o13_features.TestAPIEndpointsAccessible" name="test_stats_endpoint_requires_auth" time="0.110" /><testcase classname="tests.test_iteration73_o2_o13_features.TestAPIEndpointsAccessible" name="test_stats_leads_endpoint_requires_auth" time="0.108" /><testcase classname="tests.test_iteration73_o2_o13_features.TestAPIEndpointsAccessible" name="test_clients_registered_endpoint_requires_auth" time="0.472" /><testcase classname="tests.test_iteration73_o2_o13_features.TestSkeletonLoaders" name="test_skeleton_loaders_use_animate_pulse" time="0.001" /></testsuite></testsuites>