<?xml version="1.0" encoding="utf-8"?><testsuites name="pytest tests"><testsuite name="pytest" errors="0" failures="0" skipped="0" tests="22" time="5.931" timestamp="2026-03-24T14:00:25.349980+00:00" hostname="agent-env-054e681c-d21d-4307-8718-491d1931313a"><testcase classname="tests.test_iteration8_custom_fields.TestPublicFormConfig" name="test_get_public_form_config_no_auth" time="0.240" /><testcase classname="tests.test_iteration8_custom_fields.TestPublicFormConfig" name="test_public_form_config_returns_only_visible_custom_fields" time="0.131" /><testcase classname="tests.test_iteration8_custom_fields.TestAdminFormConfigFields" name="test_get_all_fields_requires_auth" time="0.156" /><testcase classname="tests.test_iteration8_custom_fields.TestAdminFormConfigFields" name="test_get_all_fields_with_admin" time="0.512" /><testcase classname="tests.test_iteration8_custom_fields.TestAdminFormConfigFields" name="test_update_fields_config" time="0.285" /><testcase classname="tests.test_iteration8_custom_fields.TestCustomFieldCreate" name="test_create_custom_field_requires_auth" time="0.171" /><testcase classname="tests.test_iteration8_custom_fields.TestCustomFieldCreate" name="test_create_text_custom_field" time="0.154" /><testcase classname="tests.test_iteration8_custom_fields.TestCustomFieldCreate" name="test_create_select_custom_field_with_options" time="0.122" /><testcase classname="tests.test_iteration8_custom_fields.TestCustomFieldCreate" name="test_create_checkbox_custom_field_with_options" time="0.230" /><testcase classname="tests.test_iteration8_custom_fields.TestCustomFieldCreate" name="test_create_custom_field_step_6" time="0.141" /><testcase classname="tests.test_iteration8_custom_fields.TestCustomFieldCreate" name="test_create_custom_field_invalid_step_0" time="0.139" /><testcase classname="tests.test_iteration8_custom_fields.TestCustomFieldCreate" name="test_create_custom_field_invalid_step_7" time="0.115" /><testcase classname="tests.test_iteration8_custom_fields.TestCustomFieldCreate" name="test_create_select_without_options_fails" time="0.119" /><testcase classname="tests.test_iteration8_custom_fields.TestCustomFieldCreate" name="test_create_checkbox_without_options_fails" time="0.134" /><testcase classname="tests.test_iteration8_custom_fields.TestCustomFieldDelete" name="test_delete_custom_field_requires_auth" time="0.153" /><testcase classname="tests.test_iteration8_custom_fields.TestCustomFieldDelete" name="test_delete_non_custom_field_fails" time="0.137" /><testcase classname="tests.test_iteration8_custom_fields.TestCustomFieldDelete" name="test_delete_nonexistent_field_fails" time="0.140" /><testcase classname="tests.test_iteration8_custom_fields.TestCustomFieldDelete" name="test_delete_created_custom_fields" time="0.510" /><testcase classname="tests.test_iteration8_custom_fields.TestFormConfigReset" name="test_reset_requires_auth" time="0.131" /><testcase classname="tests.test_iteration8_custom_fields.TestFormConfigReset" name="test_reset_removes_custom_fields" time="0.369" /><testcase classname="tests.test_iteration8_custom_fields.TestExistingCustomField" name="test_existing_custom_field_visible_in_public" time="0.125" /><testcase classname="tests.test_iteration8_custom_fields.TestExistingCustomField" name="test_admin_can_see_all_fields_including_custom" time="0.141" /></testsuite></testsuites>