<?xml version="1.0" encoding="utf-8"?><testsuites name="pytest tests"><testsuite name="pytest" errors="0" failures="0" skipped="0" tests="17" time="4.859" timestamp="2026-03-24T11:54:32.892375+00:00" hostname="agent-env-2afd5af7-c682-4cec-89f6-d9989e27e30f"><testcase classname="tests.test_iteration71_features.TestHealthAndBasicEndpoints" name="test_health_endpoint" time="0.229" /><testcase classname="tests.test_iteration71_features.TestHealthAndBasicEndpoints" name="test_workflow_statuses_public" time="0.104" /><testcase classname="tests.test_iteration71_features.TestStaleProcessesEndpoint" name="test_stale_processes_requires_auth" time="0.101" /><testcase classname="tests.test_iteration71_features.TestStaleProcessesEndpoint" name="test_stale_processes_with_days_param" time="0.106" /><testcase classname="tests.test_iteration71_features.TestStaleProcessesEndpoint" name="test_stale_processes_endpoint_exists" time="1.120" /><testcase classname="tests.test_iteration71_features.TestPublicClientRegistration" name="test_client_registration_endpoint_exists" time="0.110" /><testcase classname="tests.test_iteration71_features.TestPublicClientRegistration" name="test_client_registration_with_employment_type" time="0.120" /><testcase classname="tests.test_iteration71_features.TestPasswordValidation" name="test_password_validation_endpoint_exists" time="0.100" /><testcase classname="tests.test_iteration71_features.TestPasswordValidation" name="test_weak_password_validation" time="0.102" /><testcase classname="tests.test_iteration71_features.TestPasswordValidation" name="test_strong_password_validation" time="0.150" /><testcase classname="tests.test_iteration71_features.TestNotificationsEndpoint" name="test_notifications_requires_auth" time="0.105" /><testcase classname="tests.test_iteration71_features.TestKanbanEndpoint" name="test_kanban_requires_auth" time="0.153" /><testcase classname="tests.test_iteration71_features.TestAdminEndpoints" name="test_users_endpoint_requires_auth" time="0.114" /><testcase classname="tests.test_iteration71_features.TestAdminEndpoints" name="test_notification_preferences_requires_auth" time="0.116" /><testcase classname="tests.test_iteration71_features.TestScheduledTasksCode" name="test_check_stale_processes_method_exists" time="0.616" /><testcase classname="tests.test_iteration71_features.TestScheduledTasksCode" name="test_create_notification_method_exists" time="0.000" /><testcase classname="tests.test_iteration71_features.TestPasswordStrengthValidation" name="test_validate_password_strength_function" time="0.001" /></testsuite></testsuites>