<?xml version="1.0" encoding="utf-8"?><testsuites name="pytest tests"><testsuite name="pytest" errors="0" failures="0" skipped="0" tests="22" time="8.252" timestamp="2026-03-24T13:37:38.972942+00:00" hostname="agent-env-054e681c-d21d-4307-8718-491d1931313a"><testcase classname="tests.test_iteration7_new_features.TestFormConfigAPI" name="test_get_form_config_fields_admin" time="0.532" /><testcase classname="tests.test_iteration7_new_features.TestFormConfigAPI" name="test_get_form_config_fields_ceo" time="0.506" /><testcase classname="tests.test_iteration7_new_features.TestFormConfigAPI" name="test_form_config_has_trabalha_estrangeiro_field" time="0.116" /><testcase classname="tests.test_iteration7_new_features.TestFormConfigAPI" name="test_form_config_has_bancos_fields" time="0.115" /><testcase classname="tests.test_iteration7_new_features.TestFormConfigAPI" name="test_update_form_config_fields" time="0.236" /><testcase classname="tests.test_iteration7_new_features.TestFormConfigAPI" name="test_reset_form_config" time="0.114" /><testcase classname="tests.test_iteration7_new_features.TestFormConfigAPI" name="test_form_config_unauthorized" time="0.189" /><testcase classname="tests.test_iteration7_new_features.TestUserPermissionsAPI" name="test_get_users_list" time="0.111" /><testcase classname="tests.test_iteration7_new_features.TestUserPermissionsAPI" name="test_update_user_with_permissions" time="0.235" /><testcase classname="tests.test_iteration7_new_features.TestUserPermissionsAPI" name="test_update_user_role" time="0.368" /><testcase classname="tests.test_iteration7_new_features.TestUserPermissionsAPI" name="test_update_user_is_active" time="0.440" /><testcase classname="tests.test_iteration7_new_features.TestPublicClientRegistration" name="test_public_registration_endpoint_exists" time="0.126" /><testcase classname="tests.test_iteration7_new_features.TestPublicClientRegistration" name="test_public_registration_validation" time="0.107" /><testcase classname="tests.test_iteration7_new_features.TestClientRegistrationsAPI" name="test_get_registered_clients" time="0.115" /><testcase classname="tests.test_iteration7_new_features.TestClientRegistrationsAPI" name="test_get_client_details" time="0.243" /><testcase classname="tests.test_iteration7_new_features.TestWorkflowStatusesAPI" name="test_get_workflow_statuses" time="0.121" /><testcase classname="tests.test_iteration7_new_features.TestAutomationAPI" name="test_get_automation_rules" time="0.110" /><testcase classname="tests.test_iteration7_new_features.TestAutomationAPI" name="test_get_automation_triggers" time="0.144" /><testcase classname="tests.test_iteration7_new_features.TestAutomationAPI" name="test_get_automation_actions" time="0.143" /><testcase classname="tests.test_iteration7_new_features.TestHealthAndAuth" name="test_health_endpoint" time="3.185" /><testcase classname="tests.test_iteration7_new_features.TestHealthAndAuth" name="test_admin_login" time="0.430" /><testcase classname="tests.test_iteration7_new_features.TestHealthAndAuth" name="test_ceo_login" time="0.369" /></testsuite></testsuites>